<?xml version="1.0" encoding="UTF-8"?>
<!-- Generated by org.testng.reporters.JUnitXMLReporter -->
<testsuite ignored="0" hostname="LAPTOP-MQRTIQ19" failures="1" tests="2" name="Test(failed)" time="22.494" errors="0" timestamp="2024-05-27T18:42:32 IST">
  <testcase classname="testCases.TC_001_AccountRegistrationTest" name="verify_Account_Registration" time="3.592"/>
  <testcase classname="testCases.TC_002_LoginTest" name="verifyLogin" time="10.911">
    <failure type="java.lang.AssertionError" message="null">
      <![CDATA[java.lang.AssertionError: null
at testCases.TC_002_LoginTest.verifyLogin(TC_002_LoginTest.java:45)
at java.base/java.util.ArrayList.forEach(ArrayList.java:1511)
... Removed 29 stack frames]]>
    </failure>
  </testcase> <!-- verifyLogin -->
</testsuite> <!-- Test(failed) -->
