<?xml version="1.0" encoding="UTF-8"?>
<testng-results ignored="0" total="2" passed="2" failed="0" skipped="0">
  <reporter-output>
  </reporter-output>
  <suite started-at="2024-05-28T20:18:07 IST" name="Suite" finished-at="2024-05-28T20:18:19 IST" duration-ms="12488">
    <groups>
      <group name="regression">
        <method signature="TC_001_AccountRegistrationTest.verify_Account_Registration()[pri:0, instance:testCases.TC_001_AccountRegistrationTest@30c15d8b]" name="verify_Account_Registration" class="testCases.TC_001_AccountRegistrationTest"/>
      </group> <!-- regression -->
      <group name="sanity">
        <method signature="TC_002_LoginTest.verifyLogin()[pri:0, instance:testCases.TC_002_LoginTest@13c9d689]" name="verifyLogin" class="testCases.TC_002_LoginTest"/>
      </group> <!-- sanity -->
      <group name="master">
        <method signature="TC_001_AccountRegistrationTest.verify_Account_Registration()[pri:0, instance:testCases.TC_001_AccountRegistrationTest@30c15d8b]" name="verify_Account_Registration" class="testCases.TC_001_AccountRegistrationTest"/>
        <method signature="TC_002_LoginTest.verifyLogin()[pri:0, instance:testCases.TC_002_LoginTest@13c9d689]" name="verifyLogin" class="testCases.TC_002_LoginTest"/>
      </group> <!-- master -->
    </groups>
    <test started-at="2024-05-28T20:18:07 IST" name="Test" finished-at="2024-05-28T20:18:19 IST" duration-ms="12488">
      <class name="testCases.TC_001_AccountRegistrationTest">
        <test-method is-config="true" signature="setUp(java.lang.String,java.lang.String)[pri:0, instance:testCases.TC_001_AccountRegistrationTest@30c15d8b]" started-at="2024-05-28T20:18:07 IST" name="setUp" finished-at="2024-05-28T20:18:10 IST" duration-ms="3615" status="PASS">
          <params>
            <param index="0">
              <value>
                <![CDATA[Windows]]>
              </value>
            </param>
            <param index="1">
              <value>
                <![CDATA[chrome]]>
              </value>
            </param>
          </params>
          <reporter-output>
          </reporter-output>
        </test-method> <!-- setUp -->
        <test-method signature="verify_Account_Registration()[pri:0, instance:testCases.TC_001_AccountRegistrationTest@30c15d8b]" started-at="2024-05-28T20:18:11 IST" name="verify_Account_Registration" finished-at="2024-05-28T20:18:15 IST" duration-ms="4098" status="PASS">
          <reporter-output>
          </reporter-output>
        </test-method> <!-- verify_Account_Registration -->
        <test-method is-config="true" signature="teardow()[pri:0, instance:testCases.TC_001_AccountRegistrationTest@30c15d8b]" started-at="2024-05-28T20:18:15 IST" name="teardow" finished-at="2024-05-28T20:18:15 IST" duration-ms="146" status="PASS">
          <reporter-output>
          </reporter-output>
        </test-method> <!-- teardow -->
      </class> <!-- testCases.TC_001_AccountRegistrationTest -->
      <class name="testCases.TC_002_LoginTest">
        <test-method is-config="true" signature="setUp(java.lang.String,java.lang.String)[pri:0, instance:testCases.TC_002_LoginTest@13c9d689]" started-at="2024-05-28T20:18:15 IST" name="setUp" finished-at="2024-05-28T20:18:18 IST" duration-ms="2858" status="PASS">
          <params>
            <param index="0">
              <value>
                <![CDATA[Windows]]>
              </value>
            </param>
            <param index="1">
              <value>
                <![CDATA[chrome]]>
              </value>
            </param>
          </params>
          <reporter-output>
          </reporter-output>
        </test-method> <!-- setUp -->
        <test-method signature="verifyLogin()[pri:0, instance:testCases.TC_002_LoginTest@13c9d689]" started-at="2024-05-28T20:18:18 IST" name="verifyLogin" finished-at="2024-05-28T20:18:19 IST" duration-ms="1373" status="PASS">
          <reporter-output>
          </reporter-output>
        </test-method> <!-- verifyLogin -->
        <test-method is-config="true" signature="teardow()[pri:0, instance:testCases.TC_002_LoginTest@13c9d689]" started-at="2024-05-28T20:18:19 IST" name="teardow" finished-at="2024-05-28T20:18:19 IST" duration-ms="159" status="PASS">
          <reporter-output>
          </reporter-output>
        </test-method> <!-- teardow -->
      </class> <!-- testCases.TC_002_LoginTest -->
    </test> <!-- Test -->
  </suite> <!-- Suite -->
</testng-results>
